护航成长/core/common/build/intermediates/manifest_merge_blame_file/debug/processDebugManifest/manifest-merger-blame-debug-report.txt
1<?xml version="1.0" encoding="utf-8"?>
2<manifest xmlns:android="http://schemas.android.com/apk/res/android"
3    package="com.padguard.core.common" >
4
5    <uses-sdk android:minSdkVersion="26" />
6
7    <!-- 通用工具模块：网络状态与设备基础信息读取 -->
8    <uses-permission android:name="android.permission.ACCESS_NETWORK_STATE" />
8-->src\main\AndroidManifest.xml:5:5-79
8-->src\main\AndroidManifest.xml:5:22-76
9    <uses-permission android:name="android.permission.ACCESS_WIFI_STATE" />
9-->src\main\AndroidManifest.xml:6:5-76
9-->src\main\AndroidManifest.xml:6:22-73
10
11</manifest>